Removed Pin From Net: NetName=SRC Pin=R1-1
Removed Pin From Net: NetName=HVOUT Pin=R3-2
Removed Pin From Net: NetName=HVOUT Pin=R4-1
Removed Pin From Net: NetName=BAL Pin=R4-2
Removed Pin From Net: NetName=BOOST Pin=R5-1
Removed Pin From Net: NetName=BAL Pin=R10-2
Removed Pin From Net: NetName=BOOST Pin=U1-1
Removed Pin From Net: NetName=SRC Pin=U1-25
Removed Member From Class: ClassName=Esquematico Member=R4
Removed Member From Class: ClassName=Esquematico Member=R5
Removed Member From Class: ClassName=Esquematico Member=R6
Removed Member From Class: ClassName=Esquematico Member=R7
Removed Member From Class: ClassName=Esquematico Member=R8
Removed Member From Class: ClassName=Esquematico Member=R9
Removed Member From Class: ClassName=Esquematico Member=R10
Change Component Comment : Designator=U1 Old Comment=AEM10941 - Symbol QFN28 New Comment=AEM20940 - Symbol QFN28
Change Component Designator: OldDesignator=P1 NewDesignator=P2
Change Component Designator: OldDesignator=P2 NewDesignator=P3
Change Component Designator: OldDesignator=P3 NewDesignator=P5
Change Component Designator: OldDesignator=P4 NewDesignator=P6
Change Component Designator: OldDesignator=P5 NewDesignator=P7
Change Component Designator: OldDesignator=P6 NewDesignator=P8
Change Component Designator: OldDesignator=P7 NewDesignator=P9
Change Component Designator: OldDesignator=P8 NewDesignator=P10
Change Component Designator: OldDesignator=P9 NewDesignator=P11
Change Component Designator: OldDesignator=P10 NewDesignator=P12
Change Component Designator: OldDesignator=P11 NewDesignator=P13
Change Component Designator: OldDesignator=P12 NewDesignator=P14
Change Component Designator: OldDesignator=R2 NewDesignator=R1
Change Component Designator: OldDesignator=R7 NewDesignator=R2
Change Component Designator: OldDesignator=R8 NewDesignator=R3
Added Component: Designator=P1(HDR1X2)
Add component (AddParameter): Name = "LatestRevisionDate"; Value = "17-Jul-2002"; VariantName = "[No Variations]"
Add component (AddParameter): Name = "LatestRevisionNote"; Value = "Re-released for DXP Platform."; VariantName = "[No Variations]"
Add component (AddParameter): Name = "Publisher"; Value = "Altium Limited"; VariantName = "[No Variations]"
Added Component: Designator=P4(HDR1X3)
Add component (AddParameter): Name = "LatestRevisionDate"; Value = "17-Jul-2002"; VariantName = "[No Variations]"
Add component (AddParameter): Name = "LatestRevisionNote"; Value = "Re-released for DXP Platform."; VariantName = "[No Variations]"
Add component (AddParameter): Name = "Publisher"; Value = "Altium Limited"; VariantName = "[No Variations]"
Added Pin To Net: NetName=BATT Pin=P4-1
Added Pin To Net: NetName=BAL Pin=P4-3
Added Pin To Net: NetName=SRC Pin=U1-26
Change Net Name : Old Net Name=NetP6_1 New Net Name=NetP8_1
Change Net Name : Old Net Name=NetP6_2 New Net Name=NetP8_2
Change Net Name : Old Net Name=NetP6_3 New Net Name=NetP8_3
Added Pin To Net: NetName=CSIN Pin=P1-1
Added Pin To Net: NetName=CSIN Pin=U1-24
Added Net: Name=CSIN
Added Pin To Net: NetName=CSOUT Pin=P1-2
Added Pin To Net: NetName=CSOUT Pin=U1-22
Added Net: Name=CSOUT
Added Pin To Net: NetName=NetR1_1 Pin=R1-1
Added Pin To Net: NetName=NetR1_1 Pin=U1-25
Added Net: Name=NetR1_1
Added Pin To Net: NetName=STONBATT Pin=P4-2
Added Pin To Net: NetName=STONBATT Pin=U1-13
Added Net: Name=STONBATT
Added Member To Class: ClassName=Esquematico Member=Component P13 Header 3
Added Member To Class: ClassName=Esquematico Member=Component P14 Header 2
Added Room: Name=Esquematico
